Starting the auto scaler for ws
Total CPU usage 0 %
Total CPU usage 0 %
Total CPU usage 0 %
Total CPU usage 0 %
Total CPU usage 0 %
Total CPU usage 0 %
Total CPU usage 0 %
Total CPU usage 0 %
Total CPU usage 0 %
Total CPU usage 0 %
Total CPU usage 0 %
Total CPU usage 0 %
Total CPU usage 0 %
Total CPU usage 0 %
Total CPU usage 0 %
Total CPU usage 0 %
Total CPU usage 0 %
Total CPU usage 0 %
Total CPU usage 0 %
Total CPU usage 0 %
Total CPU usage 0 %
Total CPU usage 0 %
Total CPU usage 0 %
Total CPU usage 0 %
Total CPU usage 0 %
Total CPU usage 0 %
Total CPU usage 0 %
Total CPU usage 0 %
Total CPU usage 0 %
Total CPU usage 0 %
Total CPU usage 0 %
Total CPU usage 12 %
Adding a worker
Total CPU usage 11 %
Total CPU usage 16 %
Adding a worker
Total CPU usage 12 %
Total CPU usage 16 %
Total CPU usage 15 %
Total CPU usage 15 %
Total CPU usage 15 %
Total CPU usage 24 %
Adding a worker
Total CPU usage 21 %
Total CPU usage 27 %
Adding a worker
Total CPU usage 21 %
Removing a worker
Removed worker f14945cd9937a4ea8f61f8c79c132c8a7d2f3fcc4e6fe9543f8f9922053966fe
Total CPU usage 24 %
Total CPU usage 27 %
Total CPU usage 25 %
Total CPU usage 25 %
Total CPU usage 27 %
Total CPU usage 25 %
Total CPU usage 26 %
Total CPU usage 23 %
Total CPU usage 25 %
Total CPU usage 25 %
Total CPU usage 27 %
Total CPU usage 31 %
Total CPU usage 31 %
Total CPU usage 30 %
Total CPU usage 33 %
Total CPU usage 33 %
Total CPU usage 35 %
Total CPU usage 33 %
Total CPU usage 33 %
Total CPU usage 32 %
Total CPU usage 32 %
Total CPU usage 33 %
Total CPU usage 32 %
Total CPU usage 35 %
Total CPU usage 36 %
Total CPU usage 33 %
Total CPU usage 35 %
Total CPU usage 34 %
Total CPU usage 31 %
Total CPU usage 33 %
Total CPU usage 33 %
Total CPU usage 36 %
Total CPU usage 33 %
Total CPU usage 36 %
Total CPU usage 35 %
Total CPU usage 36 %
Total CPU usage 34 %
Total CPU usage 34 %
Total CPU usage 32 %
Total CPU usage 33 %
Total CPU usage 37 %
Total CPU usage 32 %
Removing a worker
Removed worker b3c363dec8dba840dfe3680485bcb2b909041fe1e8950117989685a5546589ef
Total CPU usage 27 %
Removing a worker
Removed worker 6049a65134424119ba0ac3534b005f4d1051e8c26baf0c058e59859f4ec0fc7f
Total CPU usage 26 %
Total CPU usage 33 %
Adding a worker
Total CPU usage 21 %
Removing a worker
Removed worker f53e3acf16594796a1b85862896c509a017d070148ef6610da30d0f17f7a6ee0
Total CPU usage 24 %
Total CPU usage 29 %
Adding a worker
Total CPU usage 21 %
Removing a worker
Removed worker 1e423c7840876cdc8dbc9b9646a030b44a3074402304090a238b70e717e8c7d9
Total CPU usage 23 %
Total CPU usage 29 %
Adding a worker
Total CPU usage 22 %
Removing a worker
Removed worker ce67ebe6e406fe29d7a4a38768e058faed79e6fa902b2a04e4505370fe6536a5
Total CPU usage 23 %
Total CPU usage 29 %
Adding a worker
Total CPU usage 21 %
Removing a worker
Removed worker b361d0768d58a50a39b6a812e277c03bd850b2efcd90718917b92095dbe26e42
Total CPU usage 16 %
Removing a worker
Removed worker d73b1cdbcdc0c8e368aa3c0d2284f904629cd69a52eee48b434db35d4c4db4d8
Total CPU usage 13 %
Total CPU usage 15 %
Total CPU usage 15 %
Total CPU usage 16 %
Total CPU usage 15 %
Total CPU usage 15 %
Total CPU usage 15 %
Total CPU usage 15 %
Total CPU usage 16 %
Total CPU usage 15 %
Total CPU usage 15 %
Total CPU usage 16 %
Total CPU usage 15 %
Total CPU usage 15 %
Total CPU usage 15 %
Total CPU usage 15 %
Total CPU usage 16 %
Total CPU usage 15 %
Total CPU usage 15 %
Total CPU usage 15 %
Total CPU usage 15 %
Total CPU usage 15 %
Total CPU usage 15 %
Total CPU usage 15 %
Total CPU usage 15 %
Total CPU usage 16 %
Total CPU usage 14 %
Total CPU usage 15 %
Total CPU usage 15 %
Total CPU usage 15 %
Total CPU usage 15 %
Total CPU usage 15 %
Total CPU usage 16 %
Total CPU usage 15 %
Total CPU usage 15 %
Total CPU usage 16 %
Total CPU usage 15 %
Total CPU usage 16 %
Total CPU usage 15 %
Total CPU usage 15 %
Total CPU usage 15 %
Total CPU usage 15 %
Total CPU usage 15 %
Total CPU usage 15 %
Total CPU usage 14 %
Total CPU usage 12 %
Total CPU usage 12 %
Total CPU usage 14 %
Total CPU usage 13 %
Total CPU usage 14 %
Total CPU usage 15 %
Total CPU usage 15 %
Total CPU usage 15 %
Total CPU usage 15 %
Total CPU usage 15 %
Total CPU usage 15 %
Total CPU usage 15 %
Total CPU usage 15 %
Total CPU usage 16 %
Total CPU usage 15 %
Total CPU usage 15 %
Total CPU usage 15 %
Total CPU usage 15 %
Total CPU usage 15 %
Total CPU usage 15 %
Total CPU usage 15 %
Total CPU usage 16 %
Total CPU usage 15 %
Total CPU usage 15 %
Total CPU usage 15 %
Total CPU usage 15 %
Total CPU usage 15 %
Total CPU usage 15 %
Total CPU usage 15 %
Total CPU usage 14 %
Total CPU usage 15 %
Total CPU usage 13 %
Total CPU usage 16 %
Total CPU usage 14 %
Total CPU usage 14 %
Total CPU usage 15 %
Total CPU usage 15 %
Total CPU usage 14 %
Total CPU usage 14 %
Total CPU usage 15 %
Total CPU usage 16 %
Total CPU usage 16 %
Total CPU usage 16 %
Total CPU usage 16 %
Total CPU usage 15 %
Total CPU usage 16 %
Total CPU usage 16 %
Total CPU usage 15 %
Total CPU usage 16 %
Total CPU usage 15 %
Starting the auto scaler for myws
Total CPU usage 0 %
Total CPU usage 0 %
Total CPU usage 0 %
Total CPU usage 0 %
Total CPU usage 0 %
Total CPU usage 0 %
Total CPU usage 0 %
Total CPU usage 0 %
Total CPU usage 0 %
Total CPU usage 0 %
Total CPU usage 0 %
Total CPU usage 0 %
Total CPU usage 0 %
Total CPU usage 0 %
Total CPU usage 0 %
Total CPU usage 0 %
Total CPU usage 0 %
Total CPU usage 0 %
Total CPU usage 0 %
Total CPU usage 0 %
Total CPU usage 0 %
Total CPU usage 0 %
Total CPU usage 0 %
Total CPU usage 0 %
Total CPU usage 0 %
Total CPU usage 0 %
Total CPU usage 0 %
Total CPU usage 0 %
Total CPU usage 0 %
Total CPU usage 0 %
Total CPU usage 0 %
Total CPU usage 0 %
Total CPU usage 0 %
Total CPU usage 0 %
Total CPU usage 0 %
Total CPU usage 0 %
Total CPU usage 0 %
Total CPU usage 0 %
Total CPU usage 0 %
Total CPU usage 0 %
Total CPU usage 0 %
Total CPU usage 0 %
Total CPU usage 0 %
Total CPU usage 0 %
Total CPU usage 0 %
Total CPU usage 0 %
Total CPU usage 0 %
Total CPU usage 0 %
Total CPU usage 0 %
Total CPU usage 0 %
Total CPU usage 0 %
Total CPU usage 0 %
Total CPU usage 0 %
Total CPU usage 0 %
Total CPU usage 0 %
Total CPU usage 0 %
Total CPU usage 0 %
Total CPU usage 0 %
Total CPU usage 0 %
Total CPU usage 0 %
Total CPU usage 0 %
Total CPU usage 0 %
Total CPU usage 0 %
Total CPU usage 0 %
Total CPU usage 0 %
Total CPU usage 0 %
Total CPU usage 0 %
Total CPU usage 0 %
Total CPU usage 0 %
Total CPU usage 0 %
Total CPU usage 0 %
Total CPU usage 0 %
Total CPU usage 0 %
Total CPU usage 0 %
Total CPU usage 0 %
Total CPU usage 0 %
Total CPU usage 0 %
Total CPU usage 0 %
Total CPU usage 0 %
Total CPU usage 0 %
Total CPU usage 0 %
Total CPU usage 0 %
Total CPU usage 0 %
Total CPU usage 0 %
Total CPU usage 0 %
Total CPU usage 0 %
Total CPU usage 2 %
Total CPU usage 15 %
Adding a worker
Total CPU usage 11 %
Total CPU usage 15 %
Total CPU usage 16 %
Total CPU usage 16 %
Total CPU usage 16 %
Total CPU usage 16 %
Total CPU usage 15 %
Total CPU usage 15 %
Total CPU usage 15 %
Total CPU usage 15 %
Total CPU usage 15 %
Total CPU usage 16 %
Total CPU usage 20 %
Total CPU usage 28 %
Adding a worker
Total CPU usage 22 %
Removing a worker
Removed worker d32bd0ebcd6b244d21aeaefed6886e2aa0c7445d17150f5302c15dc8fe99283e
Total CPU usage 24 %
Total CPU usage 27 %
Total CPU usage 28 %
Total CPU usage 28 %
Total CPU usage 28 %
Total CPU usage 23 %
Removing a worker
Removed worker b1964456b9c276c1a8054b155e7947929f9d298456e059defa4ae571c2b72e3f
Total CPU usage 14 %
Removing a worker
Removed worker a9e069566df9357159dc0fff1452b473d8136482748c24b960f4debbfb8e2132
Total CPU usage 14 %
Total CPU usage 16 %
Total CPU usage 15 %
Total CPU usage 15 %
Total CPU usage 16 %
Total CPU usage 15 %
Total CPU usage 15 %
Total CPU usage 15 %
Total CPU usage 16 %
Total CPU usage 16 %
Total CPU usage 16 %
Total CPU usage 16 %
Total CPU usage 15 %
Total CPU usage 16 %
Total CPU usage 15 %
Total CPU usage 16 %
Total CPU usage 16 %
Total CPU usage 16 %
Total CPU usage 15 %
Total CPU usage 15 %
Total CPU usage 15 %
Total CPU usage 16 %
Total CPU usage 15 %
Total CPU usage 15 %
Total CPU usage 15 %
Total CPU usage 16 %
Total CPU usage 15 %
Total CPU usage 15 %
Total CPU usage 15 %
Total CPU usage 15 %
Total CPU usage 15 %
Total CPU usage 16 %
Total CPU usage 15 %
Total CPU usage 15 %
Total CPU usage 15 %
Total CPU usage 16 %
Total CPU usage 16 %
Total CPU usage 16 %
Total CPU usage 15 %
Total CPU usage 15 %
Total CPU usage 15 %
Total CPU usage 16 %
Total CPU usage 16 %
Total CPU usage 16 %
Total CPU usage 15 %
Total CPU usage 15 %
Total CPU usage 16 %
Total CPU usage 16 %
Total CPU usage 16 %
Total CPU usage 16 %
Total CPU usage 16 %
Total CPU usage 15 %
Total CPU usage 16 %
Total CPU usage 16 %
Total CPU usage 15 %
Total CPU usage 15 %
Total CPU usage 15 %
Total CPU usage 15 %
Total CPU usage 16 %
Total CPU usage 16 %
Total CPU usage 15 %
Total CPU usage 16 %
Total CPU usage 17 %
Total CPU usage 17 %
Total CPU usage 16 %
Total CPU usage 15 %
Total CPU usage 15 %
Total CPU usage 15 %
Total CPU usage 15 %
Total CPU usage 16 %
Total CPU usage 15 %
Total CPU usage 16 %
Total CPU usage 15 %
Total CPU usage 15 %
Total CPU usage 15 %
Total CPU usage 16 %
Total CPU usage 15 %
Total CPU usage 15 %
Total CPU usage 15 %
Total CPU usage 16 %
Total CPU usage 15 %
Total CPU usage 15 %
Total CPU usage 16 %
Total CPU usage 15 %
Total CPU usage 15 %
Total CPU usage 15 %
Total CPU usage 16 %
Total CPU usage 15 %
Total CPU usage 15 %
Total CPU usage 15 %
Total CPU usage 16 %
Total CPU usage 15 %
Total CPU usage 15 %
Total CPU usage 15 %
Total CPU usage 16 %
Total CPU usage 15 %
Total CPU usage 15 %
Total CPU usage 15 %
Total CPU usage 15 %
Total CPU usage 15 %
Total CPU usage 15 %
Total CPU usage 15 %
Total CPU usage 15 %
Total CPU usage 15 %
Total CPU usage 15 %
Total CPU usage 15 %
Total CPU usage 15 %
Total CPU usage 15 %
Total CPU usage 15 %
Total CPU usage 16 %
Total CPU usage 15 %
Total CPU usage 16 %
Total CPU usage 15 %
Total CPU usage 16 %
Total CPU usage 15 %
Total CPU usage 16 %
Total CPU usage 16 %
Total CPU usage 15 %
Total CPU usage 15 %
Total CPU usage 16 %
Total CPU usage 15 %
Total CPU usage 16 %
Total CPU usage 16 %
Total CPU usage 15 %
Total CPU usage 15 %
Total CPU usage 16 %
Total CPU usage 15 %
Total CPU usage 15 %
Total CPU usage 16 %
Total CPU usage 15 %
Total CPU usage 15 %
Total CPU usage 15 %
Total CPU usage 16 %
Total CPU usage 15 %
Total CPU usage 16 %
Total CPU usage 16 %
Total CPU usage 15 %
Total CPU usage 16 %
Total CPU usage 16 %
Total CPU usage 16 %
Total CPU usage 16 %
Total CPU usage 15 %
Total CPU usage 15 %
Total CPU usage 16 %
Total CPU usage 15 %
Total CPU usage 16 %
Total CPU usage 15 %
Total CPU usage 15 %
Total CPU usage 15 %
Total CPU usage 16 %
Total CPU usage 15 %
Total CPU usage 16 %
Total CPU usage 15 %
Total CPU usage 15 %
Total CPU usage 15 %
Total CPU usage 16 %
Total CPU usage 15 %
Total CPU usage 15 %
Total CPU usage 15 %
Total CPU usage 15 %
Total CPU usage 15 %
Total CPU usage 15 %
Total CPU usage 16 %
Total CPU usage 16 %
Total CPU usage 15 %
Total CPU usage 16 %
Total CPU usage 15 %
Total CPU usage 15 %
Total CPU usage 16 %
Total CPU usage 16 %
Total CPU usage 16 %
Total CPU usage 14 %
Total CPU usage 14 %
Total CPU usage 16 %
Total CPU usage 16 %
Total CPU usage 16 %
Total CPU usage 16 %
Total CPU usage 15 %
Total CPU usage 15 %
Total CPU usage 15 %
Total CPU usage 16 %
Total CPU usage 15 %
Total CPU usage 15 %
Total CPU usage 15 %
Total CPU usage 15 %
Total CPU usage 16 %
Total CPU usage 15 %
Total CPU usage 15 %
Total CPU usage 15 %
Total CPU usage 15 %
Total CPU usage 15 %
Total CPU usage 15 %
Total CPU usage 16 %
Total CPU usage 16 %
Total CPU usage 15 %
Total CPU usage 15 %
Total CPU usage 15 %
Total CPU usage 15 %
Total CPU usage 16 %
Total CPU usage 16 %
Total CPU usage 16 %
Total CPU usage 16 %
Total CPU usage 16 %
Total CPU usage 16 %
Total CPU usage 16 %
Total CPU usage 16 %
Total CPU usage 15 %
Total CPU usage 16 %
Total CPU usage 15 %
Total CPU usage 16 %
Total CPU usage 15 %
Total CPU usage 16 %
Total CPU usage 15 %
Total CPU usage 16 %
Total CPU usage 16 %
Total CPU usage 16 %
Total CPU usage 15 %
Total CPU usage 16 %
Total CPU usage 16 %
Total CPU usage 16 %
Total CPU usage 16 %
Total CPU usage 15 %
Total CPU usage 16 %
Total CPU usage 15 %
Total CPU usage 16 %
Total CPU usage 15 %
Total CPU usage 16 %
Total CPU usage 16 %
Total CPU usage 15 %
Total CPU usage 15 %
Total CPU usage 16 %
Total CPU usage 16 %
Total CPU usage 16 %
Total CPU usage 15 %
Total CPU usage 15 %
Total CPU usage 16 %
Total CPU usage 15 %
Total CPU usage 15 %
Total CPU usage 16 %
Total CPU usage 16 %
Total CPU usage 16 %
Total CPU usage 16 %
Total CPU usage 16 %
Total CPU usage 16 %
Total CPU usage 16 %
Total CPU usage 15 %
Total CPU usage 16 %
Total CPU usage 16 %
Total CPU usage 16 %
Total CPU usage 16 %
Total CPU usage 16 %
Total CPU usage 15 %
Total CPU usage 16 %
Total CPU usage 16 %
Total CPU usage 16 %
Total CPU usage 16 %
Total CPU usage 15 %
Total CPU usage 16 %
Total CPU usage 15 %
Total CPU usage 16 %
Total CPU usage 16 %
Total CPU usage 15 %
Total CPU usage 15 %
Total CPU usage 15 %
Total CPU usage 16 %
Total CPU usage 16 %
Total CPU usage 16 %
Total CPU usage 16 %
Total CPU usage 15 %
Total CPU usage 15 %
Total CPU usage 15 %
Total CPU usage 16 %
Total CPU usage 16 %
Total CPU usage 16 %
Total CPU usage 16 %
Total CPU usage 15 %
Total CPU usage 16 %
Total CPU usage 15 %
Total CPU usage 15 %
Total CPU usage 16 %
Total CPU usage 15 %
Total CPU usage 15 %
Total CPU usage 16 %
Total CPU usage 16 %
Total CPU usage 15 %
Total CPU usage 16 %
Total CPU usage 16 %
Total CPU usage 15 %
Total CPU usage 15 %
Total CPU usage 15 %
Total CPU usage 15 %
Total CPU usage 15 %
Total CPU usage 15 %
Total CPU usage 15 %
Total CPU usage 15 %
Total CPU usage 16 %
Total CPU usage 15 %
Total CPU usage 15 %
Total CPU usage 15 %
Total CPU usage 16 %
Total CPU usage 15 %
Total CPU usage 16 %
Total CPU usage 16 %
Total CPU usage 15 %
Total CPU usage 15 %
Total CPU usage 16 %
Total CPU usage 15 %
Total CPU usage 16 %
Total CPU usage 15 %
Total CPU usage 16 %
Total CPU usage 15 %
Total CPU usage 15 %
Total CPU usage 16 %
Total CPU usage 15 %
Total CPU usage 16 %
Total CPU usage 15 %
Total CPU usage 16 %
Total CPU usage 16 %
Total CPU usage 16 %
Total CPU usage 16 %
Total CPU usage 16 %
Total CPU usage 15 %
Total CPU usage 16 %
Total CPU usage 16 %
Total CPU usage 16 %
Total CPU usage 16 %
Total CPU usage 16 %
Total CPU usage 15 %
Total CPU usage 15 %
Total CPU usage 16 %
Total CPU usage 15 %
Total CPU usage 16 %
Total CPU usage 16 %
Total CPU usage 16 %
Total CPU usage 16 %
Total CPU usage 16 %
Total CPU usage 16 %
Total CPU usage 15 %
Total CPU usage 16 %
Total CPU usage 15 %
Total CPU usage 15 %
Total CPU usage 17 %
Total CPU usage 16 %
Total CPU usage 16 %
Total CPU usage 16 %
Total CPU usage 16 %
Total CPU usage 16 %
Total CPU usage 16 %
Total CPU usage 17 %
Total CPU usage 16 %
Total CPU usage 16 %
Total CPU usage 16 %
Total CPU usage 16 %
Total CPU usage 17 %
Total CPU usage 16 %
Total CPU usage 16 %
Total CPU usage 15 %
Total CPU usage 15 %
Total CPU usage 16 %
Total CPU usage 16 %
Total CPU usage 16 %
Total CPU usage 16 %
Total CPU usage 16 %
Total CPU usage 16 %
Total CPU usage 16 %
Total CPU usage 16 %
Total CPU usage 16 %
Total CPU usage 16 %
Total CPU usage 16 %
Total CPU usage 16 %
Total CPU usage 16 %
Total CPU usage 16 %
Total CPU usage 15 %
Total CPU usage 16 %
Total CPU usage 16 %
Total CPU usage 16 %
Total CPU usage 16 %
Total CPU usage 16 %
Total CPU usage 16 %
Total CPU usage 15 %
Total CPU usage 16 %
Total CPU usage 16 %
Total CPU usage 16 %
Total CPU usage 16 %
Total CPU usage 16 %
Total CPU usage 16 %
Total CPU usage 16 %
Total CPU usage 15 %
Total CPU usage 16 %
Total CPU usage 16 %
Total CPU usage 16 %
Total CPU usage 16 %
Total CPU usage 16 %
Total CPU usage 16 %
Total CPU usage 16 %
Total CPU usage 16 %
Total CPU usage 16 %
Total CPU usage 16 %
Total CPU usage 16 %
Total CPU usage 16 %
Total CPU usage 16 %
Total CPU usage 15 %
Total CPU usage 16 %
Total CPU usage 16 %
Total CPU usage 16 %
Total CPU usage 16 %
Total CPU usage 16 %
Total CPU usage 16 %
Total CPU usage 16 %
Total CPU usage 16 %
Total CPU usage 16 %
Total CPU usage 16 %
Total CPU usage 16 %
Total CPU usage 16 %
Total CPU usage 16 %
Total CPU usage 15 %
Total CPU usage 16 %
Total CPU usage 16 %
Total CPU usage 16 %
Total CPU usage 16 %
Total CPU usage 16 %
Total CPU usage 16 %
Total CPU usage 16 %
Total CPU usage 16 %
Total CPU usage 15 %
Total CPU usage 16 %
Total CPU usage 15 %
Total CPU usage 16 %
Total CPU usage 15 %
Total CPU usage 16 %
Total CPU usage 15 %
Total CPU usage 16 %
Total CPU usage 16 %
Total CPU usage 16 %
Total CPU usage 16 %
Total CPU usage 16 %
Total CPU usage 16 %
Total CPU usage 16 %
Total CPU usage 16 %
Total CPU usage 16 %
Total CPU usage 15 %
Total CPU usage 16 %
Total CPU usage 15 %
Total CPU usage 16 %
Total CPU usage 16 %
Total CPU usage 16 %
Total CPU usage 16 %
Total CPU usage 16 %
Total CPU usage 16 %
Total CPU usage 15 %
Total CPU usage 15 %
Total CPU usage 16 %
Total CPU usage 16 %
Total CPU usage 16 %
Total CPU usage 16 %
Total CPU usage 16 %
Total CPU usage 16 %
Total CPU usage 16 %
Total CPU usage 16 %
Total CPU usage 16 %
Total CPU usage 16 %
Total CPU usage 16 %
Total CPU usage 16 %
Total CPU usage 16 %
Total CPU usage 16 %
Total CPU usage 16 %
Total CPU usage 16 %
Total CPU usage 16 %
Total CPU usage 16 %
Total CPU usage 16 %
Total CPU usage 17 %
Total CPU usage 1 %
Running one worker
Total CPU usage 0 %
Total CPU usage 0 %
Total CPU usage 0 %
Total CPU usage 0 %
Total CPU usage 0 %
Total CPU usage 0 %
Total CPU usage 0 %
Total CPU usage 0 %
Total CPU usage 0 %
Total CPU usage 0 %
Total CPU usage 0 %
Total CPU usage 0 %
Total CPU usage 0 %
Total CPU usage 0 %
Total CPU usage 0 %
Total CPU usage 0 %
Total CPU usage 0 %
Total CPU usage 0 %
Total CPU usage 0 %
Total CPU usage 0 %
Total CPU usage 0 %
Total CPU usage 0 %
Total CPU usage 0 %
Total CPU usage 0 %
Total CPU usage 0 %
Total CPU usage 0 %
Total CPU usage 0 %
Total CPU usage 0 %
Total CPU usage 0 %
Total CPU usage 0 %
Total CPU usage 0 %
Total CPU usage 0 %
Total CPU usage 0 %
Total CPU usage 0 %
Total CPU usage 0 %
Total CPU usage 0 %
Total CPU usage 0 %
Total CPU usage 0 %
Total CPU usage 0 %
Total CPU usage 0 %
Total CPU usage 0 %
Total CPU usage 0 %
Total CPU usage 0 %
Total CPU usage 0 %
Total CPU usage 0 %
Total CPU usage 0 %
Total CPU usage 0 %
Total CPU usage 0 %
Total CPU usage 0 %
Total CPU usage 0 %
Total CPU usage 0 %
Total CPU usage 0 %
Total CPU usage 0 %
Total CPU usage 0 %
Total CPU usage 0 %
Total CPU usage 0 %
Total CPU usage 0 %
Total CPU usage 0 %
Total CPU usage 0 %
Total CPU usage 0 %
Total CPU usage 0 %
Total CPU usage 0 %
Total CPU usage 0 %
Total CPU usage 0 %
Total CPU usage 0 %
Total CPU usage 0 %
Total CPU usage 0 %
Total CPU usage 0 %
Total CPU usage 0 %
Total CPU usage 0 %
Total CPU usage 0 %
Total CPU usage 0 %
Total CPU usage 0 %
Total CPU usage 0 %
Total CPU usage 0 %
Total CPU usage 0 %
Total CPU usage 0 %
Total CPU usage 0 %
Total CPU usage 0 %
Total CPU usage 0 %
Total CPU usage 0 %
Total CPU usage 0 %
Total CPU usage 0 %
Total CPU usage 0 %
Total CPU usage 0 %
Total CPU usage 0 %
Total CPU usage 0 %
Total CPU usage 0 %
Total CPU usage 0 %
Total CPU usage 0 %
Total CPU usage 0 %
Total CPU usage 0 %
Total CPU usage 0 %
Total CPU usage 0 %
Total CPU usage 0 %
Total CPU usage 0 %
Total CPU usage 0 %
Total CPU usage 0 %
Total CPU usage 0 %
Total CPU usage 0 %
Total CPU usage 0 %
Total CPU usage 0 %
Total CPU usage 0 %
Total CPU usage 0 %
Total CPU usage 0 %
Total CPU usage 0 %
Total CPU usage 0 %
Total CPU usage 0 %
Total CPU usage 0 %
Total CPU usage 0 %
Total CPU usage 0 %
Total CPU usage 0 %
Total CPU usage 0 %
Total CPU usage 0 %
Total CPU usage 0 %
Total CPU usage 0 %
Total CPU usage 0 %
Total CPU usage 0 %
Total CPU usage 0 %
Total CPU usage 0 %
Total CPU usage 0 %
Total CPU usage 0 %
Total CPU usage 0 %
Total CPU usage 0 %
Total CPU usage 0 %
Total CPU usage 0 %
Total CPU usage 0 %
Total CPU usage 0 %
Total CPU usage 0 %
Total CPU usage 0 %
Total CPU usage 0 %
Total CPU usage 0 %
Total CPU usage 0 %
Total CPU usage 0 %
Total CPU usage 0 %
Total CPU usage 0 %
Total CPU usage 0 %
Total CPU usage 0 %
Total CPU usage 0 %
Total CPU usage 0 %
Total CPU usage 0 %
Total CPU usage 0 %
Total CPU usage 0 %
Total CPU usage 0 %
Total CPU usage 0 %
Total CPU usage 0 %
Total CPU usage 0 %
Total CPU usage 0 %
Total CPU usage 0 %
Total CPU usage 0 %
Total CPU usage 0 %
Total CPU usage 0 %
Total CPU usage 0 %
Total CPU usage 0 %
Total CPU usage 0 %
Total CPU usage 0 %
Total CPU usage 0 %
Total CPU usage 0 %
Total CPU usage 0 %
Total CPU usage 0 %
Total CPU usage 0 %
Total CPU usage 0 %
Total CPU usage 0 %
Total CPU usage 0 %
Total CPU usage 0 %
Total CPU usage 0 %
Total CPU usage 0 %
Total CPU usage 0 %
Total CPU usage 0 %
Total CPU usage 0 %
Total CPU usage 0 %
Total CPU usage 0 %
Total CPU usage 0 %
Total CPU usage 0 %
Total CPU usage 0 %
Total CPU usage 0 %
Total CPU usage 0 %
Total CPU usage 0 %
Total CPU usage 0 %
Total CPU usage 0 %
Total CPU usage 0 %
Total CPU usage 0 %
Total CPU usage 0 %
Total CPU usage 0 %
Total CPU usage 0 %
Total CPU usage 0 %
Total CPU usage 0 %
Total CPU usage 0 %
Total CPU usage 0 %
Total CPU usage 0 %
Total CPU usage 0 %
Total CPU usage 0 %
Total CPU usage 0 %
Total CPU usage 0 %
Total CPU usage 0 %
Total CPU usage 0 %
Total CPU usage 0 %
Total CPU usage 0 %
Total CPU usage 0 %
Total CPU usage 0 %
Total CPU usage 0 %
Total CPU usage 0 %
Total CPU usage 0 %
Total CPU usage 0 %
Total CPU usage 0 %
Total CPU usage 0 %
Total CPU usage 0 %
Total CPU usage 0 %
Total CPU usage 0 %
Total CPU usage 0 %
Total CPU usage 0 %
Total CPU usage 0 %
Total CPU usage 0 %
Total CPU usage 0 %
Total CPU usage 0 %
Total CPU usage 0 %
Total CPU usage 0 %
Total CPU usage 0 %
Total CPU usage 0 %
Total CPU usage 0 %
Total CPU usage 0 %
Total CPU usage 0 %
Total CPU usage 0 %
Total CPU usage 0 %
Total CPU usage 0 %
Total CPU usage 0 %
Total CPU usage 0 %
Total CPU usage 0 %
Total CPU usage 0 %
Total CPU usage 0 %
Total CPU usage 0 %
Total CPU usage 0 %
Total CPU usage 0 %
Total CPU usage 0 %
Total CPU usage 0 %
Total CPU usage 0 %
Total CPU usage 0 %
Total CPU usage 0 %
Total CPU usage 0 %
Total CPU usage 0 %
Total CPU usage 0 %
Total CPU usage 0 %
Total CPU usage 0 %
Total CPU usage 0 %
Total CPU usage 0 %
Total CPU usage 0 %
Total CPU usage 0 %
Total CPU usage 0 %
Total CPU usage 0 %
Total CPU usage 0 %
Total CPU usage 0 %
Total CPU usage 0 %
Total CPU usage 0 %
Total CPU usage 0 %
Total CPU usage 0 %
Total CPU usage 0 %
Total CPU usage 0 %
Total CPU usage 0 %
Total CPU usage 0 %
Total CPU usage 0 %
Total CPU usage 0 %
Total CPU usage 0 %
Total CPU usage 0 %
Total CPU usage 0 %
Total CPU usage 0 %
Total CPU usage 0 %
Total CPU usage 0 %
Total CPU usage 0 %
Total CPU usage 0 %
Total CPU usage 0 %
Total CPU usage 0 %
Total CPU usage 0 %
Total CPU usage 0 %
Total CPU usage 0 %
Total CPU usage 0 %
Total CPU usage 0 %
Total CPU usage 0 %
Total CPU usage 0 %
Total CPU usage 0 %
Total CPU usage 0 %
Total CPU usage 0 %
Total CPU usage 0 %
Total CPU usage 0 %
Total CPU usage 0 %
Total CPU usage 0 %
Total CPU usage 0 %
Total CPU usage 0 %
Total CPU usage 0 %
Total CPU usage 0 %
Total CPU usage 0 %
Total CPU usage 0 %
Total CPU usage 0 %
Total CPU usage 0 %
Total CPU usage 0 %
Total CPU usage 0 %
Total CPU usage 0 %
Total CPU usage 0 %
Total CPU usage 0 %
Total CPU usage 0 %
Total CPU usage 0 %
Total CPU usage 0 %
Total CPU usage 0 %
Total CPU usage 0 %
Total CPU usage 0 %
Total CPU usage 0 %
Total CPU usage 0 %
Total CPU usage 0 %
Total CPU usage 0 %
Total CPU usage 0 %
Total CPU usage 0 %
Total CPU usage 0 %
Total CPU usage 0 %
Total CPU usage 0 %
Total CPU usage 0 %
Total CPU usage 0 %
Total CPU usage 0 %
Total CPU usage 0 %
Total CPU usage 0 %
Total CPU usage 0 %
Total CPU usage 0 %
Total CPU usage 0 %
Total CPU usage 0 %
Total CPU usage 0 %
Total CPU usage 0 %
Total CPU usage 0 %
Total CPU usage 0 %
Total CPU usage 0 %
Total CPU usage 0 %
Total CPU usage 0 %
Total CPU usage 0 %
Total CPU usage 0 %
Total CPU usage 0 %
Total CPU usage 0 %
Total CPU usage 0 %
Total CPU usage 0 %
Total CPU usage 0 %
Total CPU usage 0 %
Total CPU usage 0 %
Total CPU usage 0 %
Total CPU usage 0 %
Total CPU usage 0 %
Total CPU usage 0 %
Total CPU usage 0 %
Total CPU usage 0 %
Total CPU usage 0 %
Total CPU usage 0 %
Total CPU usage 0 %
Total CPU usage 0 %
Total CPU usage 0 %
Total CPU usage 0 %
Total CPU usage 0 %
Total CPU usage 0 %
Total CPU usage 0 %
Total CPU usage 0 %
Total CPU usage 0 %
Total CPU usage 0 %
Total CPU usage 0 %
Total CPU usage 0 %
Total CPU usage 0 %
Total CPU usage 0 %
Total CPU usage 0 %
Total CPU usage 0 %
Total CPU usage 0 %
Total CPU usage 0 %
Total CPU usage 0 %
Total CPU usage 0 %
Total CPU usage 0 %
Total CPU usage 0 %
Total CPU usage 0 %
Total CPU usage 0 %
Total CPU usage 0 %
Total CPU usage 0 %
Total CPU usage 0 %
Total CPU usage 0 %
Total CPU usage 0 %
Total CPU usage 0 %
Total CPU usage 0 %
Total CPU usage 0 %
Total CPU usage 0 %
Total CPU usage 0 %
Total CPU usage 0 %
Total CPU usage 0 %
Total CPU usage 0 %
Total CPU usage 0 %
Total CPU usage 0 %
Total CPU usage 0 %
Total CPU usage 0 %
Total CPU usage 0 %
Total CPU usage 0 %
Total CPU usage 0 %
Total CPU usage 0 %
Total CPU usage 0 %
Total CPU usage 0 %
Total CPU usage 0 %
Total CPU usage 0 %
Total CPU usage 0 %
Total CPU usage 0 %
Total CPU usage 0 %
Total CPU usage 0 %
Total CPU usage 0 %
Total CPU usage 0 %
Total CPU usage 0 %
Total CPU usage 0 %
Total CPU usage 0 %
Total CPU usage 0 %
Total CPU usage 0 %
Total CPU usage 0 %
Total CPU usage 0 %
Total CPU usage 0 %
Total CPU usage 0 %
Total CPU usage 0 %
Total CPU usage 0 %
Total CPU usage 0 %
Total CPU usage 0 %
Total CPU usage 0 %
Total CPU usage 0 %
Total CPU usage 0 %
Total CPU usage 0 %
Total CPU usage 0 %
Total CPU usage 0 %
Total CPU usage 0 %
Total CPU usage 0 %
Total CPU usage 0 %
Total CPU usage 0 %
Total CPU usage 0 %
Total CPU usage 0 %
Total CPU usage 0 %
Total CPU usage 0 %
Total CPU usage 0 %
Total CPU usage 0 %
Total CPU usage 0 %
Total CPU usage 0 %
Total CPU usage 0 %
Total CPU usage 0 %
Total CPU usage 0 %
Total CPU usage 0 %
Total CPU usage 0 %
Total CPU usage 0 %
Total CPU usage 0 %
Total CPU usage 0 %
Total CPU usage 0 %
Total CPU usage 0 %
Total CPU usage 0 %
Total CPU usage 0 %
Total CPU usage 0 %
Total CPU usage 0 %
Total CPU usage 0 %
Total CPU usage 0 %
Total CPU usage 0 %
Total CPU usage 0 %
Total CPU usage 0 %
Total CPU usage 0 %
Total CPU usage 0 %
Total CPU usage 0 %
Total CPU usage 0 %
Total CPU usage 0 %
Total CPU usage 0 %
Total CPU usage 0 %
Total CPU usage 0 %
Total CPU usage 0 %
Total CPU usage 0 %
Total CPU usage 0 %
Total CPU usage 0 %
Total CPU usage 0 %
Total CPU usage 0 %
Total CPU usage 0 %
Total CPU usage 0 %
Total CPU usage 0 %
Total CPU usage 0 %
Total CPU usage 0 %
Total CPU usage 0 %
Total CPU usage 0 %
Total CPU usage 0 %
Total CPU usage 0 %
Total CPU usage 0 %
Total CPU usage 0 %
Total CPU usage 0 %
Total CPU usage 0 %
Total CPU usage 0 %
Total CPU usage 0 %
Total CPU usage 0 %
Total CPU usage 0 %
Total CPU usage 0 %
Total CPU usage 0 %
Total CPU usage 0 %
Total CPU usage 0 %
Total CPU usage 0 %
Total CPU usage 0 %
Total CPU usage 0 %
Total CPU usage 0 %
Total CPU usage 0 %
Total CPU usage 0 %
Total CPU usage 0 %
Total CPU usage 0 %
Total CPU usage 0 %
Total CPU usage 0 %
Total CPU usage 0 %
Total CPU usage 0 %
Total CPU usage 0 %
Total CPU usage 0 %
Total CPU usage 0 %
Total CPU usage 0 %
Total CPU usage 0 %
Total CPU usage 0 %
Total CPU usage 0 %
Total CPU usage 0 %
Total CPU usage 0 %
Total CPU usage 0 %
Total CPU usage 0 %
Total CPU usage 0 %
Total CPU usage 0 %
Total CPU usage 0 %
Total CPU usage 0 %
Total CPU usage 0 %
Total CPU usage 0 %
Total CPU usage 0 %
Total CPU usage 0 %
Total CPU usage 0 %
Total CPU usage 0 %
Total CPU usage 0 %
Total CPU usage 0 %
Total CPU usage 0 %
Total CPU usage 0 %
Total CPU usage 0 %
Total CPU usage 0 %
Total CPU usage 0 %
Total CPU usage 0 %
Total CPU usage 0 %
Total CPU usage 0 %
Total CPU usage 0 %
Total CPU usage 0 %
Total CPU usage 0 %
Total CPU usage 0 %
Total CPU usage 0 %
Total CPU usage 0 %
Total CPU usage 0 %
Total CPU usage 0 %
Total CPU usage 0 %
Total CPU usage 0 %
Total CPU usage 0 %
Total CPU usage 0 %
Total CPU usage 0 %
Total CPU usage 0 %
Total CPU usage 0 %
Total CPU usage 0 %
Total CPU usage 0 %
Total CPU usage 0 %
Total CPU usage 0 %
Total CPU usage 0 %
Total CPU usage 0 %
Total CPU usage 0 %
Total CPU usage 0 %
Total CPU usage 0 %
Total CPU usage 0 %
Total CPU usage 0 %
Total CPU usage 0 %
Total CPU usage 0 %
Total CPU usage 0 %
Total CPU usage 0 %
Total CPU usage 0 %
Total CPU usage 0 %
Total CPU usage 0 %
Total CPU usage 0 %
Total CPU usage 0 %
Total CPU usage 0 %
Total CPU usage 0 %
Total CPU usage 0 %
Total CPU usage 0 %
Total CPU usage 0 %
Total CPU usage 0 %
Total CPU usage 0 %
Total CPU usage 0 %
Total CPU usage 0 %
Total CPU usage 0 %
Total CPU usage 0 %
Total CPU usage 0 %
Total CPU usage 0 %
Total CPU usage 0 %
Total CPU usage 0 %
Total CPU usage 0 %
Total CPU usage 0 %
Total CPU usage 0 %
Total CPU usage 0 %
Total CPU usage 0 %
Total CPU usage 0 %
Total CPU usage 0 %
Total CPU usage 0 %
Total CPU usage 0 %
Total CPU usage 0 %
Total CPU usage 0 %
Total CPU usage 0 %
Total CPU usage 0 %
Total CPU usage 0 %
Total CPU usage 0 %
Total CPU usage 0 %
Total CPU usage 0 %
Total CPU usage 0 %
Total CPU usage 0 %
Total CPU usage 0 %
Total CPU usage 0 %
Total CPU usage 0 %
Total CPU usage 0 %
Total CPU usage 0 %
Total CPU usage 0 %
Total CPU usage 0 %
Total CPU usage 0 %
Total CPU usage 0 %
Total CPU usage 0 %
Total CPU usage 0 %
Total CPU usage 0 %
Total CPU usage 0 %
Total CPU usage 0 %
Total CPU usage 0 %
Total CPU usage 0 %
Total CPU usage 0 %
Total CPU usage 0 %
Total CPU usage 0 %
Total CPU usage 0 %
Total CPU usage 0 %
Total CPU usage 0 %
Total CPU usage 0 %
Total CPU usage 0 %
Total CPU usage 0 %
Total CPU usage 0 %
Total CPU usage 0 %
Total CPU usage 0 %
Total CPU usage 0 %
Total CPU usage 0 %
Total CPU usage 0 %
Total CPU usage 0 %
Total CPU usage 0 %
Total CPU usage 0 %
Total CPU usage 0 %
Total CPU usage 0 %
Total CPU usage 0 %
Total CPU usage 0 %
Total CPU usage 0 %
Total CPU usage 0 %
Total CPU usage 0 %
Total CPU usage 0 %
Total CPU usage 0 %
Total CPU usage 0 %
Total CPU usage 0 %
Total CPU usage 0 %
Total CPU usage 0 %
Total CPU usage 0 %
Total CPU usage 0 %
Total CPU usage 0 %
Total CPU usage 0 %
Total CPU usage 0 %
Total CPU usage 0 %
Total CPU usage 0 %
Total CPU usage 0 %
Total CPU usage 0 %
Total CPU usage 0 %
Total CPU usage 0 %
Total CPU usage 0 %
Total CPU usage 0 %
Total CPU usage 0 %
Total CPU usage 0 %
Total CPU usage 0 %
Total CPU usage 0 %
Total CPU usage 0 %
Total CPU usage 0 %
Total CPU usage 0 %
Total CPU usage 0 %
Total CPU usage 0 %
Total CPU usage 0 %
Total CPU usage 0 %
Total CPU usage 0 %
Total CPU usage 0 %
Total CPU usage 0 %
Total CPU usage 0 %
Total CPU usage 0 %
Total CPU usage 0 %
Total CPU usage 0 %
Total CPU usage 0 %
Total CPU usage 0 %
Total CPU usage 0 %
Total CPU usage 0 %
Total CPU usage 0 %
Total CPU usage 0 %
Total CPU usage 0 %
Total CPU usage 0 %
Total CPU usage 0 %
Total CPU usage 0 %
Total CPU usage 0 %
Total CPU usage 0 %
Total CPU usage 0 %
Total CPU usage 0 %
Total CPU usage 0 %
Total CPU usage 0 %
Total CPU usage 0 %
Total CPU usage 0 %
Total CPU usage 0 %
Total CPU usage 0 %
Total CPU usage 0 %
Total CPU usage 0 %
Total CPU usage 0 %
Total CPU usage 0 %
Total CPU usage 0 %
Total CPU usage 0 %
Total CPU usage 0 %
Total CPU usage 0 %
Total CPU usage 0 %
Total CPU usage 0 %
Total CPU usage 0 %
Total CPU usage 0 %
Total CPU usage 0 %
Total CPU usage 0 %
Total CPU usage 0 %
Total CPU usage 0 %
Total CPU usage 0 %
Total CPU usage 0 %
Total CPU usage 0 %
Total CPU usage 0 %
Total CPU usage 0 %
Total CPU usage 0 %
Total CPU usage 0 %
Total CPU usage 0 %
Total CPU usage 0 %
Total CPU usage 0 %
Total CPU usage 0 %
Total CPU usage 0 %
Total CPU usage 0 %
Total CPU usage 0 %
Total CPU usage 0 %
Total CPU usage 0 %
Total CPU usage 0 %
Total CPU usage 0 %
Total CPU usage 0 %
Total CPU usage 0 %
Total CPU usage 0 %
Total CPU usage 0 %
Total CPU usage 0 %
Total CPU usage 0 %
Total CPU usage 0 %
Total CPU usage 0 %
Total CPU usage 0 %
Total CPU usage 0 %
Total CPU usage 0 %
Total CPU usage 0 %
Total CPU usage 0 %
Total CPU usage 0 %
Total CPU usage 0 %
Total CPU usage 0 %
Total CPU usage 0 %
Total CPU usage 0 %
Total CPU usage 0 %
Total CPU usage 0 %
Total CPU usage 0 %
Total CPU usage 0 %
Total CPU usage 0 %
Total CPU usage 0 %
Total CPU usage 0 %
Total CPU usage 0 %
Total CPU usage 0 %
Total CPU usage 0 %
Total CPU usage 0 %
Total CPU usage 0 %
Total CPU usage 0 %
Total CPU usage 0 %
Total CPU usage 0 %
Total CPU usage 0 %
Total CPU usage 0 %
Total CPU usage 0 %
Total CPU usage 0 %
Total CPU usage 0 %
Total CPU usage 0 %
Total CPU usage 0 %
Total CPU usage 0 %
Total CPU usage 0 %
Total CPU usage 0 %
Total CPU usage 0 %
Total CPU usage 0 %
Total CPU usage 0 %
Total CPU usage 0 %
Total CPU usage 0 %
Total CPU usage 0 %
Total CPU usage 0 %
Total CPU usage 0 %
Total CPU usage 0 %
Total CPU usage 0 %
Total CPU usage 0 %
Total CPU usage 0 %
Total CPU usage 0 %
Total CPU usage 0 %
Total CPU usage 0 %
Total CPU usage 0 %
Total CPU usage 0 %
Total CPU usage 0 %
Total CPU usage 0 %
Total CPU usage 0 %
Total CPU usage 0 %
Total CPU usage 0 %
Total CPU usage 0 %
Total CPU usage 0 %
Total CPU usage 0 %
Total CPU usage 0 %
Total CPU usage 0 %
Total CPU usage 0 %
Total CPU usage 0 %
Total CPU usage 0 %
Total CPU usage 0 %
Total CPU usage 0 %
Total CPU usage 0 %
Total CPU usage 0 %
Total CPU usage 0 %
Total CPU usage 0 %
Total CPU usage 0 %
Total CPU usage 0 %
Total CPU usage 0 %
Total CPU usage 0 %
Total CPU usage 0 %
Total CPU usage 0 %
Total CPU usage 0 %
Total CPU usage 0 %
Total CPU usage 0 %
Total CPU usage 0 %
Total CPU usage 0 %
Total CPU usage 0 %
Total CPU usage 0 %
Total CPU usage 0 %
Total CPU usage 0 %
Total CPU usage 0 %
Total CPU usage 0 %
Total CPU usage 0 %
Total CPU usage 0 %
Total CPU usage 0 %
Total CPU usage 0 %
Total CPU usage 0 %
Total CPU usage 0 %
Total CPU usage 0 %
Total CPU usage 0 %
Total CPU usage 0 %
Total CPU usage 0 %
Total CPU usage 0 %
Total CPU usage 0 %
Total CPU usage 0 %
Total CPU usage 0 %
Total CPU usage 0 %
Total CPU usage 0 %
Total CPU usage 0 %
Total CPU usage 0 %
Total CPU usage 0 %
Total CPU usage 0 %
Total CPU usage 0 %
Total CPU usage 0 %
Total CPU usage 0 %
Total CPU usage 0 %
Total CPU usage 0 %
Total CPU usage 0 %
Total CPU usage 0 %
Total CPU usage 0 %
Total CPU usage 0 %
Total CPU usage 0 %
Total CPU usage 0 %
Total CPU usage 0 %
Total CPU usage 0 %
Total CPU usage 0 %
Total CPU usage 0 %
Total CPU usage 0 %
Total CPU usage 0 %
Total CPU usage 0 %
Total CPU usage 0 %
Total CPU usage 0 %
Total CPU usage 0 %
Total CPU usage 0 %
Total CPU usage 0 %
Total CPU usage 0 %
Total CPU usage 0 %
Total CPU usage 0 %
Total CPU usage 0 %
Total CPU usage 0 %
Total CPU usage 0 %
Total CPU usage 0 %
Total CPU usage 0 %
Total CPU usage 0 %
Total CPU usage 0 %
Total CPU usage 0 %
Total CPU usage 0 %
Total CPU usage 0 %
Total CPU usage 0 %
Total CPU usage 0 %
Total CPU usage 0 %
Total CPU usage 0 %
Total CPU usage 0 %
Total CPU usage 0 %
Total CPU usage 0 %
Total CPU usage 0 %
Total CPU usage 0 %
Total CPU usage 0 %
Total CPU usage 0 %
Total CPU usage 0 %
Total CPU usage 0 %
Total CPU usage 0 %
Total CPU usage 0 %
Total CPU usage 0 %
Total CPU usage 0 %
Total CPU usage 0 %
Total CPU usage 0 %
Total CPU usage 0 %
Total CPU usage 0 %
Total CPU usage 0 %
Total CPU usage 0 %
Total CPU usage 0 %
Total CPU usage 0 %
Total CPU usage 0 %
Total CPU usage 0 %
Total CPU usage 0 %
Total CPU usage 0 %
Total CPU usage 0 %
Total CPU usage 0 %
Total CPU usage 0 %
Total CPU usage 0 %
Total CPU usage 0 %
Total CPU usage 0 %
Total CPU usage 0 %
Total CPU usage 0 %
Total CPU usage 0 %
Total CPU usage 0 %
Total CPU usage 0 %
Total CPU usage 0 %
Total CPU usage 0 %
Total CPU usage 0 %
Total CPU usage 0 %
Total CPU usage 0 %
Total CPU usage 0 %
Total CPU usage 0 %
Total CPU usage 0 %
Total CPU usage 0 %
Total CPU usage 0 %
Total CPU usage 0 %
Total CPU usage 0 %
Total CPU usage 0 %
Total CPU usage 0 %
Total CPU usage 0 %
Total CPU usage 0 %
Total CPU usage 0 %
Total CPU usage 0 %
Total CPU usage 0 %
Total CPU usage 0 %
Total CPU usage 0 %
Total CPU usage 0 %
Total CPU usage 0 %
Total CPU usage 0 %
Total CPU usage 0 %
Total CPU usage 0 %
Total CPU usage 0 %
Total CPU usage 0 %
Total CPU usage 0 %
Total CPU usage 0 %
Total CPU usage 0 %
Total CPU usage 0 %
Total CPU usage 0 %
Total CPU usage 0 %
Total CPU usage 0 %
Total CPU usage 0 %
Total CPU usage 0 %
Total CPU usage 0 %
Total CPU usage 0 %
Total CPU usage 0 %
Total CPU usage 0 %
Total CPU usage 0 %
Total CPU usage 0 %
Total CPU usage 0 %
Total CPU usage 0 %
Total CPU usage 0 %
Total CPU usage 0 %
Total CPU usage 0 %
Total CPU usage 0 %
Total CPU usage 0 %
Total CPU usage 0 %
Total CPU usage 0 %
Total CPU usage 0 %
Total CPU usage 0 %
Total CPU usage 0 %
Total CPU usage 0 %
Total CPU usage 0 %
Total CPU usage 0 %
Total CPU usage 0 %
Total CPU usage 0 %
Total CPU usage 0 %
Total CPU usage 0 %
Total CPU usage 0 %
Total CPU usage 0 %
Total CPU usage 0 %
Total CPU usage 0 %
Total CPU usage 0 %
Total CPU usage 0 %
Total CPU usage 0 %
Total CPU usage 0 %
Total CPU usage 0 %
Total CPU usage 0 %
Total CPU usage 0 %
Total CPU usage 0 %
Total CPU usage 0 %
Total CPU usage 0 %
Total CPU usage 0 %
Total CPU usage 0 %
Total CPU usage 0 %
Total CPU usage 0 %
Total CPU usage 0 %
Total CPU usage 0 %
Total CPU usage 0 %
Total CPU usage 0 %
Total CPU usage 0 %
Total CPU usage 0 %
Total CPU usage 0 %
Total CPU usage 0 %
Total CPU usage 0 %
Total CPU usage 0 %
Total CPU usage 0 %
Total CPU usage 0 %
Total CPU usage 0 %
Total CPU usage 0 %
Total CPU usage 0 %
Total CPU usage 0 %
Total CPU usage 0 %
Total CPU usage 0 %
Total CPU usage 0 %
Total CPU usage 0 %
Total CPU usage 0 %
Total CPU usage 0 %
Total CPU usage 0 %
Total CPU usage 0 %
Total CPU usage 0 %
Total CPU usage 0 %
Total CPU usage 0 %
Total CPU usage 0 %
Total CPU usage 0 %
Total CPU usage 0 %
Total CPU usage 0 %
Total CPU usage 0 %
Total CPU usage 0 %
Total CPU usage 0 %
Total CPU usage 0 %
Total CPU usage 0 %
Total CPU usage 0 %
Total CPU usage 0 %
Total CPU usage 0 %
Total CPU usage 0 %
Total CPU usage 0 %
Total CPU usage 0 %
Total CPU usage 0 %
Total CPU usage 0 %
Total CPU usage 0 %
Total CPU usage 0 %
Total CPU usage 0 %
Total CPU usage 0 %
Total CPU usage 0 %
Total CPU usage 0 %
Total CPU usage 0 %
Total CPU usage 0 %
Total CPU usage 0 %
Total CPU usage 0 %
Total CPU usage 0 %
Total CPU usage 0 %
Total CPU usage 0 %
Total CPU usage 0 %
Total CPU usage 0 %
Total CPU usage 0 %
Total CPU usage 0 %
Total CPU usage 0 %
Total CPU usage 0 %
Total CPU usage 0 %
Total CPU usage 0 %
Total CPU usage 0 %
Total CPU usage 0 %
Total CPU usage 0 %
Total CPU usage 0 %
Total CPU usage 0 %
Total CPU usage 0 %
Total CPU usage 0 %
Total CPU usage 0 %
Total CPU usage 0 %
Total CPU usage 0 %
Total CPU usage 0 %
Total CPU usage 0 %
Total CPU usage 0 %
Total CPU usage 0 %
Total CPU usage 0 %
Total CPU usage 0 %
Total CPU usage 0 %
Total CPU usage 0 %
Total CPU usage 0 %
Total CPU usage 0 %
Total CPU usage 0 %
Total CPU usage 0 %
Total CPU usage 0 %
Total CPU usage 0 %
Total CPU usage 0 %
Total CPU usage 0 %
Total CPU usage 0 %
Total CPU usage 0 %
Total CPU usage 0 %
Total CPU usage 0 %
Total CPU usage 0 %
Total CPU usage 0 %
Total CPU usage 0 %
Total CPU usage 0 %
Total CPU usage 0 %
Total CPU usage 0 %
Total CPU usage 0 %
Total CPU usage 0 %
Total CPU usage 0 %
Total CPU usage 0 %
Total CPU usage 0 %
Total CPU usage 0 %
Total CPU usage 0 %
Total CPU usage 0 %
Total CPU usage 0 %
Total CPU usage 0 %
Total CPU usage 0 %
Total CPU usage 0 %
Total CPU usage 0 %
Total CPU usage 0 %
Total CPU usage 0 %
Total CPU usage 0 %
Total CPU usage 0 %
Total CPU usage 0 %
Total CPU usage 0 %
Total CPU usage 0 %
Total CPU usage 0 %
Total CPU usage 0 %
Total CPU usage 0 %
Total CPU usage 0 %
Total CPU usage 0 %
Total CPU usage 0 %
Total CPU usage 0 %
Total CPU usage 0 %
Total CPU usage 0 %
Total CPU usage 0 %
Total CPU usage 0 %
Total CPU usage 0 %
Total CPU usage 0 %
Total CPU usage 0 %
Total CPU usage 0 %
Total CPU usage 0 %
Total CPU usage 0 %
Total CPU usage 0 %
Total CPU usage 0 %
Total CPU usage 0 %
Total CPU usage 0 %
Total CPU usage 0 %
Total CPU usage 0 %
Total CPU usage 0 %
Total CPU usage 0 %
Total CPU usage 0 %
Total CPU usage 0 %
Total CPU usage 0 %
Total CPU usage 0 %
Total CPU usage 0 %
Total CPU usage 0 %
Total CPU usage 0 %
Total CPU usage 0 %
Total CPU usage 0 %
Total CPU usage 0 %
Total CPU usage 0 %
Total CPU usage 0 %
Total CPU usage 0 %
Total CPU usage 0 %
Total CPU usage 0 %
Total CPU usage 0 %
Total CPU usage 0 %
Total CPU usage 0 %
Total CPU usage 0 %
Total CPU usage 0 %
Total CPU usage 0 %
Total CPU usage 0 %
Total CPU usage 0 %
Total CPU usage 0 %
Total CPU usage 0 %
Total CPU usage 0 %
Total CPU usage 0 %
Total CPU usage 0 %
Total CPU usage 0 %
Total CPU usage 0 %
Total CPU usage 0 %
Total CPU usage 0 %
Total CPU usage 0 %
Total CPU usage 0 %
Total CPU usage 0 %
Total CPU usage 0 %
Total CPU usage 0 %
Total CPU usage 0 %
Total CPU usage 0 %
Total CPU usage 0 %
Total CPU usage 0 %
Total CPU usage 0 %
Total CPU usage 0 %
Total CPU usage 0 %
Total CPU usage 0 %
Total CPU usage 0 %
Total CPU usage 0 %
Total CPU usage 0 %
Total CPU usage 0 %
Total CPU usage 0 %
Total CPU usage 0 %
Total CPU usage 0 %
Total CPU usage 0 %
Total CPU usage 0 %
Total CPU usage 0 %
Total CPU usage 0 %
Total CPU usage 0 %
Total CPU usage 0 %
Total CPU usage 0 %
Total CPU usage 0 %
Total CPU usage 0 %
Total CPU usage 0 %
Total CPU usage 0 %
Total CPU usage 0 %
Total CPU usage 0 %
Total CPU usage 0 %
Total CPU usage 0 %
Total CPU usage 0 %
Total CPU usage 0 %
Total CPU usage 0 %
Total CPU usage 0 %
Total CPU usage 0 %
Total CPU usage 0 %
Total CPU usage 0 %
Total CPU usage 0 %
Total CPU usage 0 %
Total CPU usage 0 %
Total CPU usage 0 %
Total CPU usage 0 %
Total CPU usage 0 %
Total CPU usage 0 %
Total CPU usage 0 %
Total CPU usage 0 %
Total CPU usage 0 %
Total CPU usage 0 %
Total CPU usage 0 %
Total CPU usage 0 %
Total CPU usage 0 %
Total CPU usage 0 %
Total CPU usage 0 %
Total CPU usage 0 %
Total CPU usage 0 %
Total CPU usage 0 %
Total CPU usage 0 %
Total CPU usage 0 %
Total CPU usage 0 %
Total CPU usage 0 %
Total CPU usage 0 %
Total CPU usage 0 %
Total CPU usage 0 %
Total CPU usage 0 %
Total CPU usage 0 %
Total CPU usage 0 %
Total CPU usage 0 %
Total CPU usage 0 %
Total CPU usage 0 %
Total CPU usage 0 %
Total CPU usage 0 %
Total CPU usage 0 %
Total CPU usage 0 %
Total CPU usage 0 %
Total CPU usage 0 %
Total CPU usage 0 %
Total CPU usage 0 %
Total CPU usage 0 %
Total CPU usage 0 %
Total CPU usage 0 %
Total CPU usage 0 %
Total CPU usage 0 %
Total CPU usage 0 %
Total CPU usage 0 %
Total CPU usage 0 %
Total CPU usage 0 %
Total CPU usage 0 %
Total CPU usage 0 %
Total CPU usage 0 %
Total CPU usage 0 %
Total CPU usage 0 %
Total CPU usage 0 %
Total CPU usage 0 %
Total CPU usage 0 %
Total CPU usage 0 %
Total CPU usage 0 %
Total CPU usage 0 %
Total CPU usage 0 %
Total CPU usage 0 %
Total CPU usage 0 %
Total CPU usage 0 %
Total CPU usage 0 %
Total CPU usage 0 %
Total CPU usage 0 %
Total CPU usage 0 %
Total CPU usage 0 %
Total CPU usage 0 %
Total CPU usage 0 %
Total CPU usage 0 %
Total CPU usage 0 %
Total CPU usage 0 %
Total CPU usage 0 %
Total CPU usage 0 %
Total CPU usage 0 %
Total CPU usage 0 %
Total CPU usage 0 %
Total CPU usage 0 %
Total CPU usage 0 %
Total CPU usage 0 %
Total CPU usage 0 %
Total CPU usage 0 %
Total CPU usage 0 %
Total CPU usage 0 %
Total CPU usage 0 %
Total CPU usage 0 %
Total CPU usage 0 %
Total CPU usage 0 %
Total CPU usage 0 %
Total CPU usage 0 %
Total CPU usage 0 %
Total CPU usage 0 %
Total CPU usage 0 %
Total CPU usage 0 %
Total CPU usage 0 %
Total CPU usage 0 %
Total CPU usage 0 %
Total CPU usage 0 %
Total CPU usage 0 %
Total CPU usage 0 %
Total CPU usage 0 %
Total CPU usage 0 %
Total CPU usage 0 %
Total CPU usage 0 %
Total CPU usage 0 %
Total CPU usage 0 %
Total CPU usage 0 %
Total CPU usage 0 %
Total CPU usage 0 %
Total CPU usage 0 %
Total CPU usage 0 %
Total CPU usage 0 %
Total CPU usage 0 %
Total CPU usage 0 %
Total CPU usage 0 %
Total CPU usage 0 %
Total CPU usage 0 %
Total CPU usage 0 %
Total CPU usage 0 %
Total CPU usage 0 %
Total CPU usage 0 %
Total CPU usage 0 %
Total CPU usage 0 %
Total CPU usage 0 %
Total CPU usage 0 %
Total CPU usage 0 %
Total CPU usage 0 %
Total CPU usage 0 %
Total CPU usage 0 %
Total CPU usage 0 %
Total CPU usage 0 %
Total CPU usage 0 %
Total CPU usage 0 %
Total CPU usage 0 %
Total CPU usage 0 %
Total CPU usage 0 %
Total CPU usage 0 %
Total CPU usage 0 %
Total CPU usage 0 %
Total CPU usage 0 %
Total CPU usage 0 %
Total CPU usage 0 %
Total CPU usage 0 %
Total CPU usage 0 %
Total CPU usage 0 %
Total CPU usage 0 %
Total CPU usage 0 %
Total CPU usage 0 %
Total CPU usage 0 %
Total CPU usage 0 %
Total CPU usage 0 %
Total CPU usage 0 %
Total CPU usage 0 %
Total CPU usage 0 %
Total CPU usage 0 %
Total CPU usage 0 %
Total CPU usage 0 %
Total CPU usage 0 %
Total CPU usage 0 %
Total CPU usage 0 %
Total CPU usage 0 %
